<?xml version="1.0" encoding="UTF-8"?>
<!-- Generated by org.testng.reporters.JUnitReportReporter -->
<testsuite hostname="DESKTOP-1GUDVLD" failures="0" tests="3" name="test.Github_Example" time="3.702" errors="0" timestamp="2021-07-14T10:19:19 IST" skipped="0">
  <testcase classname="test.Github_Example" name="addKeyPostRequest" time="2.561"/>
  <system-out/>
  <testcase classname="test.Github_Example" name="getKeyGetRequest" time="0.582"/>
  <system-out/>
  <testcase classname="test.Github_Example" name="deleteKeyDeleteRequest" time="0.559"/>
  <system-out/>
</testsuite> <!-- test.Github_Example -->
